[13:51:46] [main/INFO] (FabricLoader/GameProvider) Loading Minecraft 1.21.10 with Fabric Loader 0.18.1
[13:51:46] [main/INFO] (FabricLoader) Loading 59 mods:
	- appleskin 3.0.7+mc1.21.9
	- architectury 18.0.6
	- cloth-basic-math 0.6.1
	- cloth-config 20.0.148
	- error_notifier 1.0.11
	- fabric-api 0.138.3+1.21.10
	- fabric-api-base 1.0.0+14b92d897d
	- fabric-api-lookup-api-v1 1.6.106+d17682157d
	- fabric-biome-api-v1 16.1.0+c2417d4f7d
	- fabric-block-api-v1 1.1.5+d17682157d
	- fabric-block-view-api-v2 1.0.34+e4fd1b927d
	- fabric-client-gametest-api-v1 4.2.13+14b92d897d
	- fabric-command-api-v2 2.4.0+c0ab2d5d6f
	- fabric-content-registries-v0 10.2.6+b6a242646f
	- fabric-convention-tags-v1 2.1.49+7f945d5b6f
	- fabric-convention-tags-v2 2.17.0+ff7bc77d6f
	- fabric-crash-report-info-v1 0.3.18+33df5e6e7d
	- fabric-data-attachment-api-v1 1.8.33+cd3b9e596f
	- fabric-data-generation-api-v1 23.2.27+d8b85ef16f
	- fabric-dimensions-v1 4.0.22+38b9cc197d
	- fabric-entity-events-v1 2.1.13+fde3702c6f
	- fabric-events-interaction-v0 4.0.36+5ba217126f
	- fabric-game-rule-api-v1 1.1.1+e47eaae57d
	- fabric-gametest-api-v1 3.1.21+33df5e6e6f
	- fabric-item-api-v1 11.5.11+9bce411b6f
	- fabric-item-group-api-v1 4.2.27+86b3ae576f
	- fabric-key-binding-api-v1 1.1.1+b3ba9c487d
	- fabric-lifecycle-events-v1 2.6.9+33df5e6e7d
	- fabric-loot-api-v2 3.0.67+3f89f5a56f
	- fabric-loot-api-v3 2.0.14+d17682156f
	- fabric-message-api-v1 6.1.7+3154c1c87d
	- fabric-model-loading-api-v1 6.0.4+3ffd6ef06f
	- fabric-networking-api-v1 5.1.0+b095d8db6f
	- fabric-object-builder-api-v1 21.1.28+9bce411b6f
	- fabric-particles-v1 4.2.3+a0ee59a46f
	- fabric-recipe-api-v1 8.2.0+39709ef06f
	- fabric-registry-sync-v0 6.1.42+679c8c5c6f
	- fabric-renderer-api-v1 7.2.2+3706cdf36f
	- fabric-renderer-indigo 4.1.3+d7df91576f
	- fabric-rendering-fluids-v1 3.1.38+86b3ae577d
	- fabric-rendering-v1 16.2.0+bee81f016f
	- fabric-resource-conditions-api-v1 5.0.28+33df5e6e7d
	- fabric-resource-loader-v0 3.3.1+d4d4122a6f
	- fabric-resource-loader-v1 1.0.4+14959b836f
	- fabric-screen-api-v1 3.1.0+9c82a7987d
	- fabric-screen-handler-api-v1 1.3.151+d17682156f
	- fabric-serialization-api-v1 1.0.0+d857c9767d
	- fabric-sound-api-v1 1.0.45+328a75ba7d
	- fabric-tag-api-v1 1.2.13+2fa446b26f
	- fabric-transfer-api-v1 6.0.15+79ec2c127d
	- fabric-transitive-access-wideners-v1 6.5.3+41eb43437d
	- fabricloader 0.18.1
	- generated_29eb51e 1.0.0
	- java 21
	- klay_api 0.0.5
	- minecraft 1.21.10
	- mixinextras 0.5.0
	- roughlyenoughitems 21.9.812
	- veggycraft 1.0.0
[13:51:46] [main/INFO] (FabricLoader/Mixin) SpongePowered MIXIN Subsystem Version=0.8.7 Source=file:/home/caua/.gradle/caches/modules-2/files-2.1/net.fabricmc/sponge-mixin/0.16.5+mixin.0.8.7/80fc3a9f592673cea87f4cd702f87991c6c9fe4d/sponge-mixin-0.16.5+mixin.0.8.7.jar Service=Knot/Fabric Env=CLIENT
[13:51:46] [main/INFO] (FabricLoader/Mixin) Loaded Fabric development mappings for mixin remapper!
[13:51:46] [main/INFO] (FabricLoader/Mixin) Compatibility level set to JAVA_21
[13:51:47] [main/WARN] (FabricLoader/Mixin) Reference map 'klay_api-common-common-refmap.json' for klay_api.mixins.json could not be read. If this is a development environment you can ignore this message
[13:51:48] [main/INFO] (FabricLoader/MixinExtras|Service) Initializing MixinExtras via com.llamalad7.mixinextras.service.MixinExtrasServiceImpl(version=0.5.0).
[13:51:49] [Datafixer Bootstrap/INFO] (Minecraft) 278 Datafixer optimizations took 354 milliseconds
[13:51:55] [Render thread/INFO] (Minecraft) Environment: Environment[sessionHost=https://sessionserver.mojang.com, servicesHost=https://api.minecraftservices.com, profilesHost=https://api.mojang.com, name=PROD]
[13:51:55] [Render thread/INFO] (Minecraft) Setting user: Player984
[13:51:55] [Render thread/INFO] (veggycraft) #SUP: net.klayil.veggycraft.item.ModItems$$Lambda/0x00007a1ad0e18228@5c89f44c
[13:51:55] [Render thread/INFO] (veggycraft) #SUP: net.klayil.veggycraft.item.ModItems$$Lambda/0x00007a1ad0e18670@33e7049e
[13:51:55] [Render thread/INFO] (klay_api) Initializing KlayApi Mod
[13:51:55] [Render thread/INFO] (klay_api) @ITEM >> veggycraft:modal_fabric_01
[13:51:55] [Render thread/INFO] (klay_api) @ITEM >> veggycraft:modal_fabric_02
[13:51:55] [Render thread/INFO] (klay_api) @ITEM >> veggycraft:modal_fabric_03
[13:51:55] [Render thread/INFO] (klay_api) @ITEM >> veggycraft:modal_fabric_04
[13:51:55] [Render thread/INFO] (klay_api) @ITEM >> veggycraft:modal_fabric_05
[13:51:55] [Render thread/INFO] (klay_api) @ITEM >> veggycraft:modal_fabric_06
[13:51:55] [Render thread/INFO] (klay_api) @ITEM >> veggycraft:modal_fabric_07
[13:51:55] [Render thread/INFO] (klay_api) @ITEM >> veggycraft:modal_fabric_08
[13:51:55] [Render thread/INFO] (klay_api) @ITEM >> veggycraft:modal_fabric_09
[13:51:55] [Render thread/INFO] (klay_api) @ITEM >> veggycraft:modal_fabric_10
[13:51:55] [Render thread/INFO] (klay_api) @ITEM >> veggycraft:modal_fabric_11
[13:51:55] [Render thread/INFO] (klay_api) @ITEM >> veggycraft:modal_fabric_12
[13:51:55] [Render thread/INFO] (klay_api) @ITEM >> veggycraft:modal_fabric_13
[13:51:55] [Render thread/INFO] (klay_api) @ITEM >> veggycraft:modal_fabric_14
[13:51:55] [Render thread/INFO] (klay_api) @ITEM >> veggycraft:modal_fabric_15
[13:51:55] [Render thread/INFO] (klay_api) @ITEM >> veggycraft:modal_fabric_16
[13:51:56] [Render thread/INFO] (REI) [REI] Config loaded
[13:51:56] [Render thread/INFO] (ClientNetworkManagerImpl) Registering S2C receiver with id roughlyenoughitems:request_tags_s2c
[13:51:56] [Render thread/INFO] (NetworkManagerImpl) Registering C2S receiver with id roughlyenoughitems:request_tags_c2s
[13:51:56] [Render thread/INFO] (REI) [REI] Registered plugin provider DefaultPlugin [roughlyenoughitems] for REICommonPlugin
[13:51:56] [Render thread/INFO] (REI) [REI] Registered plugin provider DefaultRuntimePlugin [roughlyenoughitems] for REICommonPlugin
[13:51:56] [Download-2/ERROR] (Minecraft) Failed to fetch user properties
com.mojang.authlib.exceptions.InvalidCredentialsException: Status: 401
	at knot/com.mojang.authlib.exceptions.MinecraftClientHttpException.toAuthenticationException(MinecraftClientHttpException.java:59) ~[authlib-7.0.61.jar:?]
	at knot/com.mojang.authlib.yggdrasil.YggdrasilUserApiService.fetchProperties(YggdrasilUserApiService.java:150) ~[authlib-7.0.61.jar:?]
	at knot/net.minecraft.client.Minecraft.method_55608(Minecraft.java:465) ~[minecraft-merged-df915cd0ac-1.21.10-loom.mappings.1_21_10.layered+hash.1032846016-v2.jar:?]
	at java.base/java.util.concurrent.CompletableFuture$AsyncSupply.run(CompletableFuture.java:1768) ~[?:?]
	at java.base/java.util.concurrent.ThreadPoolExecutor.runWorker(ThreadPoolExecutor.java:1144) ~[?:?]
	at java.base/java.util.concurrent.ThreadPoolExecutor$Worker.run(ThreadPoolExecutor.java:642) ~[?:?]
	at java.base/java.lang.Thread.run(Thread.java:1583) [?:?]
Caused by: com.mojang.authlib.exceptions.MinecraftClientHttpException: Status: 401
	at knot/com.mojang.authlib.minecraft.client.MinecraftClient.readInputStream(MinecraftClient.java:103) ~[authlib-7.0.61.jar:?]
	at knot/com.mojang.authlib.minecraft.client.MinecraftClient.get(MinecraftClient.java:56) ~[authlib-7.0.61.jar:?]
	at knot/com.mojang.authlib.yggdrasil.YggdrasilUserApiService.fetchProperties(YggdrasilUserApiService.java:121) ~[authlib-7.0.61.jar:?]
	... 5 more
[13:51:56] [Render thread/INFO] (REI) [REI] Registered plugin provider FabricFluidAPISupportPlugin for REICommonPlugin
[13:51:56] [Render thread/INFO] (NetworkManagerImpl) Registering C2S receiver with id roughlyenoughitems:delete_item
[13:51:56] [Render thread/INFO] (NetworkManagerImpl) Registering C2S receiver with id roughlyenoughitems:create_item
[13:51:56] [Render thread/INFO] (NetworkManagerImpl) Registering C2S receiver with id roughlyenoughitems:create_item_grab
[13:51:56] [Render thread/INFO] (NetworkManagerImpl) Registering C2S receiver with id roughlyenoughitems:create_item_hotbar
[13:51:56] [Render thread/INFO] (NetworkManagerImpl) Registering C2S receiver with id roughlyenoughitems:move_items_new
[13:51:56] [Render thread/INFO] (ClientNetworkManagerImpl) Registering S2C receiver with id architectury:spawn_entity_packet
[13:51:56] [Render thread/INFO] (Indigo) [Indigo] Registering Indigo renderer!
[13:51:56] [Render thread/INFO] (REI) [REI] Registered plugin provider ReiClientPlugin [veggycraft] for REIClientPlugin
[13:51:56] [Render thread/INFO] (REI) [REI] Registered plugin provider REITooltipPlugin [appleskin] for REIClientPlugin
[13:51:56] [Render thread/INFO] (REI) [REI] Registered plugin provider DefaultClientPlugin [roughlyenoughitems] for REIClientPlugin
[13:51:56] [Render thread/INFO] (REI) [REI] Registered plugin provider DefaultClientRuntimePlugin [roughlyenoughitems] for REIClientPlugin
[13:51:56] [Render thread/INFO] (REI) [REI] Registered plugin provider HideIngredientsFromTagsPlugin [roughlyenoughitems] for REIClientPlugin
[13:51:56] [Render thread/INFO] (ClientNetworkManagerImpl) Registering S2C receiver with id roughlyenoughitems:ci_msg
[13:51:56] [Render thread/INFO] (ClientNetworkManagerImpl) Registering S2C receiver with id roughlyenoughitems:og_not_enough
[13:51:56] [Render thread/INFO] (ClientNetworkManagerImpl) Registering S2C receiver with id roughlyenoughitems:sync_displays
[13:51:56] [Render thread/INFO] (Minecraft) Backend library: LWJGL version 3.3.3-snapshot
[13:51:58] [Render thread/INFO] (Minecraft) Using optional rendering extensions: GL_ARB_buffer_storage, GL_KHR_debug, GL_ARB_vertex_attrib_binding, GL_ARB_direct_state_access
[13:51:59] [Render thread/INFO] (Minecraft) Reloading ResourceManager: vanilla, fabric, appleskin, cloth-config, fabric-api, fabric-api-base, fabric-api-lookup-api-v1, fabric-biome-api-v1, fabric-block-api-v1, fabric-block-view-api-v2, fabric-client-gametest-api-v1, fabric-command-api-v2, fabric-content-registries-v0, fabric-convention-tags-v1, fabric-convention-tags-v2, fabric-crash-report-info-v1, fabric-data-attachment-api-v1, fabric-data-generation-api-v1, fabric-dimensions-v1, fabric-entity-events-v1, fabric-events-interaction-v0, fabric-game-rule-api-v1, fabric-gametest-api-v1, fabric-item-api-v1, fabric-item-group-api-v1, fabric-key-binding-api-v1, fabric-lifecycle-events-v1, fabric-loot-api-v2, fabric-loot-api-v3, fabric-message-api-v1, fabric-model-loading-api-v1, fabric-networking-api-v1, fabric-object-builder-api-v1, fabric-particles-v1, fabric-recipe-api-v1, fabric-registry-sync-v0, fabric-renderer-api-v1, fabric-renderer-indigo, fabric-rendering-fluids-v1, fabric-rendering-v1, fabric-resource-conditions-api-v1, fabric-resource-loader-v0, fabric-resource-loader-v1, fabric-screen-api-v1, fabric-screen-handler-api-v1, fabric-serialization-api-v1, fabric-sound-api-v1, fabric-tag-api-v1, fabric-transfer-api-v1, fabric-transitive-access-wideners-v1, fabricloader, generated_29eb51e, roughlyenoughitems, veggycraft:veggycraft_overrides
[13:51:59] [Worker-Main-11/INFO] (Minecraft) Found unifont_all_no_pua-16.0.03.hex, loading
[13:51:59] [Worker-Main-10/INFO] (Minecraft) Found unifont_pua-16.0.03.hex, loading
[13:51:59] [Worker-Main-4/INFO] (Minecraft) Found unifont_jp_patch-16.0.03.hex, loading
[13:52:01] [Worker-Main-5/WARN] (Minecraft) Missing model for variant: 'Block{veggycraft:modal_fabric_01}'
[13:52:01] [Worker-Main-5/WARN] (Minecraft) Missing model for variant: 'Block{veggycraft:modal_fabric_02}'
[13:52:01] [Worker-Main-5/WARN] (Minecraft) Missing model for variant: 'Block{veggycraft:modal_fabric_03}'
[13:52:01] [Worker-Main-5/WARN] (Minecraft) Missing model for variant: 'Block{veggycraft:modal_fabric_04}'
[13:52:01] [Worker-Main-5/WARN] (Minecraft) Missing model for variant: 'Block{veggycraft:modal_fabric_05}'
[13:52:01] [Worker-Main-5/WARN] (Minecraft) Missing model for variant: 'Block{veggycraft:modal_fabric_06}'
[13:52:01] [Worker-Main-5/WARN] (Minecraft) Missing model for variant: 'Block{veggycraft:modal_fabric_07}'
[13:52:01] [Worker-Main-5/WARN] (Minecraft) Missing model for variant: 'Block{veggycraft:modal_fabric_08}'
[13:52:01] [Worker-Main-5/WARN] (Minecraft) Missing model for variant: 'Block{veggycraft:modal_fabric_09}'
[13:52:01] [Worker-Main-5/WARN] (Minecraft) Missing model for variant: 'Block{veggycraft:modal_fabric_10}'
[13:52:01] [Worker-Main-5/WARN] (Minecraft) Missing model for variant: 'Block{veggycraft:modal_fabric_11}'
[13:52:01] [Worker-Main-5/WARN] (Minecraft) Missing model for variant: 'Block{veggycraft:modal_fabric_12}'
[13:52:01] [Worker-Main-5/WARN] (Minecraft) Missing model for variant: 'Block{veggycraft:modal_fabric_13}'
[13:52:01] [Worker-Main-5/WARN] (Minecraft) Missing model for variant: 'Block{veggycraft:modal_fabric_14}'
[13:52:01] [Worker-Main-5/WARN] (Minecraft) Missing model for variant: 'Block{veggycraft:modal_fabric_15}'
[13:52:01] [Worker-Main-5/WARN] (Minecraft) Missing model for variant: 'Block{veggycraft:modal_fabric_16}'
[13:52:01] [Render thread/INFO] (Minecraft) OpenAL initialized on device Raptor Lake-P/U/H cAVS Speaker
[13:52:01] [Render thread/INFO] (Minecraft) Sound engine started
[13:52:01] [Render thread/INFO] (Minecraft) Created: 512x256x0 minecraft:textures/atlas/particles.png-atlas
[13:52:01] [Render thread/INFO] (Minecraft) Created: 128x64x0 minecraft:textures/atlas/decorated_pot.png-atlas
[13:52:01] [Render thread/INFO] (Minecraft) Created: 2048x1024x0 minecraft:textures/atlas/armor_trims.png-atlas
[13:52:01] [Render thread/INFO] (Minecraft) Created: 512x256x0 minecraft:textures/atlas/paintings.png-atlas
[13:52:01] [Render thread/INFO] (Minecraft) Created: 512x512x0 minecraft:textures/atlas/shield_patterns.png-atlas
[13:52:01] [Render thread/INFO] (Minecraft) Created: 1024x512x0 minecraft:textures/atlas/blocks.png-atlas
[13:52:01] [Render thread/INFO] (Minecraft) Created: 512x256x0 minecraft:textures/atlas/chest.png-atlas
[13:52:01] [Render thread/INFO] (Minecraft) Created: 512x512x0 minecraft:textures/atlas/banner_patterns.png-atlas
[13:52:01] [Render thread/INFO] (Minecraft) Created: 512x256x0 minecraft:textures/atlas/beds.png-atlas
[13:52:01] [Render thread/INFO] (Minecraft) Created: 1024x1024x0 minecraft:textures/atlas/gui.png-atlas
[13:52:01] [Render thread/INFO] (Minecraft) Created: 64x64x0 minecraft:textures/atlas/map_decorations.png-atlas
[13:52:01] [Render thread/INFO] (Minecraft) Created: 256x256x0 minecraft:textures/atlas/signs.png-atlas
[13:52:01] [Render thread/INFO] (Minecraft) Created: 512x256x0 minecraft:textures/atlas/shulker_boxes.png-atlas
[13:52:04] [Download-2/INFO] (Minecraft) Could not authorize you against Realms server: java.lang.RuntimeException: Failed to parse into SignedJWT: FabricMC
[13:52:04] [Download-2/ERROR] (Minecraft) Failed to fetch Realms feature flags
com.mojang.realmsclient.exception.RealmsServiceException: Realms authentication error with message 'java.lang.RuntimeException: Failed to parse into SignedJWT: FabricMC'
	at knot/com.mojang.realmsclient.client.RealmsClient.execute(RealmsClient.java:536) ~[minecraft-merged-df915cd0ac-1.21.10-loom.mappings.1_21_10.layered+hash.1032846016-v2.jar:?]
	at knot/com.mojang.realmsclient.client.RealmsClient.fetchFeatureFlags(RealmsClient.java:189) ~[minecraft-merged-df915cd0ac-1.21.10-loom.mappings.1_21_10.layered+hash.1032846016-v2.jar:?]
	at java.base/java.util.concurrent.CompletableFuture$AsyncSupply.run(CompletableFuture.java:1768) ~[?:?]
	at java.base/java.util.concurrent.ThreadPoolExecutor.runWorker(ThreadPoolExecutor.java:1144) ~[?:?]
	at java.base/java.util.concurrent.ThreadPoolExecutor$Worker.run(ThreadPoolExecutor.java:642) ~[?:?]
	at java.base/java.lang.Thread.run(Thread.java:1583) [?:?]
[13:52:04] [IO-Worker-1/INFO] (Minecraft) Could not authorize you against Realms server: java.lang.RuntimeException: Failed to parse into SignedJWT: FabricMC
[13:52:04] [IO-Worker-1/ERROR] (Minecraft) Couldn't connect to realms
com.mojang.realmsclient.exception.RealmsServiceException: Realms authentication error with message 'java.lang.RuntimeException: Failed to parse into SignedJWT: FabricMC'
	at knot/com.mojang.realmsclient.client.RealmsClient.execute(RealmsClient.java:536) ~[minecraft-merged-df915cd0ac-1.21.10-loom.mappings.1_21_10.layered+hash.1032846016-v2.jar:?]
	at knot/com.mojang.realmsclient.client.RealmsClient.clientCompatible(RealmsClient.java:316) ~[minecraft-merged-df915cd0ac-1.21.10-loom.mappings.1_21_10.layered+hash.1032846016-v2.jar:?]
	at knot/com.mojang.realmsclient.RealmsAvailability.method_52627(RealmsAvailability.java:49) ~[minecraft-merged-df915cd0ac-1.21.10-loom.mappings.1_21_10.layered+hash.1032846016-v2.jar:?]
	at java.base/java.util.concurrent.CompletableFuture$AsyncSupply.run(CompletableFuture.java:1768) ~[?:?]
	at java.base/java.util.concurrent.ThreadPoolExecutor.runWorker(ThreadPoolExecutor.java:1144) ~[?:?]
	at java.base/java.util.concurrent.ThreadPoolExecutor$Worker.run(ThreadPoolExecutor.java:642) ~[?:?]
	at java.base/java.lang.Thread.run(Thread.java:1583) [?:?]
[13:52:10] [Render thread/WARN] (Minecraft) Missing data pack generated_6e0664a
[13:52:10] [Render thread/INFO] (Minecraft) Found new data pack generated_29eb51e, loading it automatically
[13:52:11] [Render thread/INFO] (Minecraft) Loaded 1494 recipes
[13:52:11] [Render thread/INFO] (Minecraft) Loaded 1606 advancements
[13:52:11] [Render thread/INFO] (BiomeModificationImpl) Applied 0 biome modifications to 0 of 65 new biomes in 1.137 ms
[13:52:11] [Server thread/INFO] (Minecraft) Starting integrated minecraft server version 1.21.10
[13:52:11] [Server thread/INFO] (Minecraft) Generating keypair
[13:52:11] [Server thread/INFO] (Minecraft) Loading 0 persistent chunks...
[13:52:11] [Server thread/INFO] (Minecraft) Preparing spawn area: 16%
[13:52:12] [Server thread/INFO] (Minecraft) Loading 49 chunks for player spawn...
[13:52:12] [Server thread/INFO] (Minecraft) Preparing spawn area: 16%
[13:52:12] [Server thread/INFO] (Minecraft) Preparing spawn area: 16%
[13:52:13] [Server thread/INFO] (Minecraft) Time elapsed: 1112 ms
[13:52:13] [Server thread/INFO] (Minecraft) Player984[local:E:bf75f6a7] logged in with entity id 1 at (-20.774862517856842, -60.0, -24.987781018046487)
[13:52:13] [Server thread/INFO] (Minecraft) Player984 joined the game
[13:52:13] [Render thread/WARN] (REI) [REI] Found 1 existing reload task(s) after trying to terminate them!
[13:52:13] [Render thread/INFO] (Minecraft) Loaded 2 advancements
[13:52:13] [Server thread/INFO] (Minecraft) Changing view distance to 6, from 10
[13:52:13] [Server thread/INFO] (Minecraft) Changing simulation distance to 8, from 0
[13:52:13] [REI-ReloadPlugins/INFO] (REI) [REI] ----------------------------------------
[13:52:13] [REI-ReloadPlugins/INFO] (REI) [REI] REICommonPlugin starting main-reload for START.
[13:52:13] [REI-ReloadPlugins/INFO] (REI) [REI] Plugins (3):
[13:52:13] [REI-ReloadPlugins/INFO] (REI) [REI]  - (-100,00) DefaultPlugin of DefaultPlugin [roughlyenoughitems]
[13:52:13] [REI-ReloadPlugins/INFO] (REI) [REI]  - (0,00) FabricFluidAPISupportPlugin
[13:52:13] [REI-ReloadPlugins/INFO] (REI) [REI]  - (0,00) DefaultRuntimePlugin of DefaultRuntimePlugin [roughlyenoughitems]
[13:52:13] [REI-ReloadPlugins/INFO] (REI) [REI] ----------------------------------------
[13:52:13] [Render thread/INFO] (Minecraft) Resizing Dynamic Transforms UBO, capacity limit of 2 reached during a single frame. New capacity will be 4.
[13:52:13] [Render thread/INFO] (Minecraft) Resizing Dynamic Transforms UBO, capacity limit of 4 reached during a single frame. New capacity will be 8.
[13:52:13] [REI-ReloadPlugins/INFO] (REI) [REI] ~~~~~~~~~~~~~~~~~~~~~~~~~~~~~~~~~~~~~~~~
[13:52:13] [REI-ReloadPlugins/INFO] (REI) [REI] REIClientPlugin starting main-reload for START.
[13:52:13] [REI-ReloadPlugins/INFO] (REI) [REI] Plugins (5):
[13:52:13] [REI-ReloadPlugins/INFO] (REI) [REI]  - (-100,00) DefaultClientPlugin of DefaultClientPlugin [roughlyenoughitems]
[13:52:13] [REI-ReloadPlugins/INFO] (REI) [REI]  - (0,00) HideIngredientsFromTagsPlugin of HideIngredientsFromTagsPlugin [roughlyenoughitems]
[13:52:13] [REI-ReloadPlugins/INFO] (REI) [REI]  - (0,00) DefaultClientRuntimePlugin of DefaultClientRuntimePlugin [roughlyenoughitems]
[13:52:13] [REI-ReloadPlugins/INFO] (REI) [REI]  - (0,00) REITooltipPlugin of REITooltipPlugin [appleskin]
[13:52:13] [REI-ReloadPlugins/INFO] (REI) [REI]  - (0,00) ReiClientPlugin of ReiClientPlugin [veggycraft]
[13:52:13] [REI-ReloadPlugins/INFO] (REI) [REI] ~~~~~~~~~~~~~~~~~~~~~~~~~~~~~~~~~~~~~~~~
[13:52:13] [Render thread/INFO] (Minecraft) Resizing Dynamic Transforms UBO, capacity limit of 8 reached during a single frame. New capacity will be 16.
[13:52:13] [Render thread/INFO] (Minecraft) Resizing Dynamic Transforms UBO, capacity limit of 16 reached during a single frame. New capacity will be 32.
[13:52:14] [Render thread/INFO] (Minecraft) Resizing Dynamic Transforms UBO, capacity limit of 32 reached during a single frame. New capacity will be 64.
[13:52:14] [Render thread/INFO] (Minecraft) Resizing Dynamic Transforms UBO, capacity limit of 64 reached during a single frame. New capacity will be 128.
[13:52:14] [REI-ReloadPlugins/INFO] (REI) [REI] REICommonPlugin finished post-reload for START in 5.542 ms, totaling 184.4 ms.
[13:52:14] [REI-ReloadPlugins/INFO] (REI) [REI] REIClientPlugin finished post-reload for START in 2.320 ms, totaling 832.5 ms.
[13:52:14] [REI-ReloadPlugins/INFO] (REI) [REI] ****************************************
[13:52:14] [REI-ReloadPlugins/INFO] (REI) [REI] REICommonPlugin starting main-reload for END.
[13:52:14] [REI-ReloadPlugins/INFO] (REI) [REI] Plugins (3):
[13:52:14] [REI-ReloadPlugins/INFO] (REI) [REI]  - (-100,00) DefaultPlugin of DefaultPlugin [roughlyenoughitems]
[13:52:14] [REI-ReloadPlugins/INFO] (REI) [REI]  - (0,00) FabricFluidAPISupportPlugin
[13:52:14] [REI-ReloadPlugins/INFO] (REI) [REI]  - (0,00) DefaultRuntimePlugin of DefaultRuntimePlugin [roughlyenoughitems]
[13:52:14] [REI-ReloadPlugins/INFO] (REI) [REI] ****************************************
[13:52:14] [REI-ReloadPlugins/INFO] (REI) [REI] @@@@@@@@@@@@@@@@@@@@@@@@@@@@@@@@@@@@@@@@
[13:52:14] [REI-ReloadPlugins/INFO] (REI) [REI] REIClientPlugin starting main-reload for END.
[13:52:14] [REI-ReloadPlugins/INFO] (REI) [REI] Plugins (5):
[13:52:14] [REI-ReloadPlugins/INFO] (REI) [REI]  - (-100,00) DefaultClientPlugin of DefaultClientPlugin [roughlyenoughitems]
[13:52:14] [REI-ReloadPlugins/INFO] (REI) [REI]  - (0,00) HideIngredientsFromTagsPlugin of HideIngredientsFromTagsPlugin [roughlyenoughitems]
[13:52:14] [REI-ReloadPlugins/INFO] (REI) [REI]  - (0,00) DefaultClientRuntimePlugin of DefaultClientRuntimePlugin [roughlyenoughitems]
[13:52:14] [REI-ReloadPlugins/INFO] (REI) [REI]  - (0,00) REITooltipPlugin of REITooltipPlugin [appleskin]
[13:52:14] [REI-ReloadPlugins/INFO] (REI) [REI]  - (0,00) ReiClientPlugin of ReiClientPlugin [veggycraft]
[13:52:14] [REI-ReloadPlugins/INFO] (REI) [REI] @@@@@@@@@@@@@@@@@@@@@@@@@@@@@@@@@@@@@@@@
[13:52:14] [Render thread/INFO] (Minecraft) Resizing Dynamic Transforms UBO, capacity limit of 128 reached during a single frame. New capacity will be 256.
[13:52:15] [REI-ReloadPlugins/INFO] (REI) [REI] REICommonPlugin finished post-reload for END in 933.9 μs, totaling 159.2 ms.
[13:52:15] [REI-ReloadPlugins/INFO] (REI) [REI] REIClientPlugin finished post-reload for END in 3.900 ms, totaling 1.001 s.
[13:52:16] [Render thread/INFO] (REI) [REI] [REI Server Display Sync] Received server's request to set 1871 recipes.
[13:52:17] [Render thread/WARN] (REI) [REI] Detected runtime DisplayRegistry modification, this can be extremely dangerous!
[13:52:21] [Server thread/INFO] (Minecraft) Saving and pausing game...
[13:52:22] [Server thread/INFO] (Minecraft) Saving chunks for level 'ServerLevel[Superflat]'/minecraft:overworld
[13:52:22] [Server thread/INFO] (Minecraft) Saving chunks for level 'ServerLevel[Superflat]'/minecraft:the_end
[13:52:22] [Server thread/INFO] (Minecraft) Saving chunks for level 'ServerLevel[Superflat]'/minecraft:the_nether
[13:52:22] [Server thread/INFO] (Minecraft) Player984 lost connection: Disconnected
[13:52:22] [Server thread/INFO] (Minecraft) Player984 left the game
[13:52:22] [Server thread/INFO] (Minecraft) Stopping singleplayer server as player logged out
[13:52:22] [Server thread/INFO] (Minecraft) Stopping server
[13:52:22] [Server thread/INFO] (Minecraft) Saving players
[13:52:22] [Server thread/INFO] (Minecraft) Saving worlds
[13:52:22] [Server thread/INFO] (Minecraft) Saving chunks for level 'ServerLevel[Superflat]'/minecraft:overworld
[13:52:23] [Server thread/INFO] (Minecraft) Saving chunks for level 'ServerLevel[Superflat]'/minecraft:the_end
[13:52:23] [Server thread/INFO] (Minecraft) Saving chunks for level 'ServerLevel[Superflat]'/minecraft:the_nether
[13:52:23] [Server thread/INFO] (Minecraft) ThreadedAnvilChunkStorage (Superflat): All chunks are saved
[13:52:23] [Server thread/INFO] (Minecraft) ThreadedAnvilChunkStorage (DIM1): All chunks are saved
[13:52:23] [Server thread/INFO] (Minecraft) ThreadedAnvilChunkStorage (DIM-1): All chunks are saved
[13:52:23] [Server thread/INFO] (Minecraft) ThreadedAnvilChunkStorage: All dimensions are saved
[13:52:24] [Render thread/INFO] (Minecraft) Stopping!
