[20:02:23] [Render thread/INFO] ========================================
[20:02:23] [Render thread/INFO] Minecraft: 1.21.10
[20:02:23] [Render thread/INFO] Side: client
[20:02:23] [Render thread/INFO] Development: true
[20:02:23] [Render thread/INFO] Version: 21.9.812
[20:02:23] [Render thread/INFO] Loader:
[20:02:23] [Render thread/INFO] - Fabric: 0.18.1
[20:02:23] [Render thread/INFO] - Fabric API: 0.138.3+1.21.10
[20:02:23] [Render thread/INFO] Dependencies:
[20:02:23] [Render thread/INFO] - Cloth Config: 20.0.148
[20:02:23] [Render thread/INFO] - Architectury: 18.0.6
[20:02:23] [Render thread/INFO] Mixin: 0.8.7
[20:02:23] [Render thread/INFO] OS: Linux 6.17.0-8-generic (amd64)
[20:02:23] [Render thread/INFO] Java: 21.0.9 (Eclipse Adoptium)
[20:02:23] [Render thread/INFO] ========================================
[20:02:23] [Render thread/INFO] Mods:
[20:02:23] [Render thread/INFO] - appleskin: 3.0.7+mc1.21.9
[20:02:23] [Render thread/INFO] - architectury: 18.0.6
[20:02:23] [Render thread/INFO] - cloth-basic-math: 0.6.1
[20:02:23] [Render thread/INFO] - cloth-config: 20.0.148
[20:02:23] [Render thread/INFO] - cloth-config: 20.0.148
[20:02:23] [Render thread/INFO] - error_notifier: 1.0.11
[20:02:23] [Render thread/INFO] - fabric-api: 0.138.3+1.21.10
[20:02:23] [Render thread/INFO] - fabric-api: 0.138.3+1.21.10
[20:02:23] [Render thread/INFO] - fabric-api-base: 1.0.0+14b92d897d
[20:02:23] [Render thread/INFO] - fabric-api-lookup-api-v1: 1.6.106+d17682157d
[20:02:23] [Render thread/INFO] - fabric-biome-api-v1: 16.1.0+c2417d4f7d
[20:02:23] [Render thread/INFO] - fabric-block-api-v1: 1.1.5+d17682157d
[20:02:23] [Render thread/INFO] - fabric-block-view-api-v2: 1.0.34+e4fd1b927d
[20:02:23] [Render thread/INFO] - fabric-client-gametest-api-v1: 4.2.13+14b92d897d
[20:02:23] [Render thread/INFO] - fabric-command-api-v2: 2.4.0+c0ab2d5d6f
[20:02:23] [Render thread/INFO] - fabric-content-registries-v0: 10.2.6+b6a242646f
[20:02:23] [Render thread/INFO] - fabric-convention-tags-v1: 2.1.49+7f945d5b6f
[20:02:23] [Render thread/INFO] - fabric-convention-tags-v2: 2.17.0+ff7bc77d6f
[20:02:23] [Render thread/INFO] - fabric-crash-report-info-v1: 0.3.18+33df5e6e7d
[20:02:23] [Render thread/INFO] - fabric-data-attachment-api-v1: 1.8.33+cd3b9e596f
[20:02:23] [Render thread/INFO] - fabric-data-generation-api-v1: 23.2.27+d8b85ef16f
[20:02:23] [Render thread/INFO] - fabric-dimensions-v1: 4.0.22+38b9cc197d
[20:02:23] [Render thread/INFO] - fabric-entity-events-v1: 2.1.13+fde3702c6f
[20:02:23] [Render thread/INFO] - fabric-events-interaction-v0: 4.0.36+5ba217126f
[20:02:23] [Render thread/INFO] - fabric-game-rule-api-v1: 1.1.1+e47eaae57d
[20:02:23] [Render thread/INFO] - fabric-gametest-api-v1: 3.1.21+33df5e6e6f
[20:02:23] [Render thread/INFO] - fabric-item-api-v1: 11.5.11+9bce411b6f
[20:02:23] [Render thread/INFO] - fabric-item-group-api-v1: 4.2.27+86b3ae576f
[20:02:23] [Render thread/INFO] - fabric-key-binding-api-v1: 1.1.1+b3ba9c487d
[20:02:23] [Render thread/INFO] - fabric-lifecycle-events-v1: 2.6.9+33df5e6e7d
[20:02:23] [Render thread/INFO] - fabric-loot-api-v2: 3.0.67+3f89f5a56f
[20:02:23] [Render thread/INFO] - fabric-loot-api-v3: 2.0.14+d17682156f
[20:02:23] [Render thread/INFO] - fabric-message-api-v1: 6.1.7+3154c1c87d
[20:02:23] [Render thread/INFO] - fabric-model-loading-api-v1: 6.0.4+3ffd6ef06f
[20:02:23] [Render thread/INFO] - fabric-networking-api-v1: 5.1.0+b095d8db6f
[20:02:23] [Render thread/INFO] - fabric-object-builder-api-v1: 21.1.28+9bce411b6f
[20:02:23] [Render thread/INFO] - fabric-particles-v1: 4.2.3+a0ee59a46f
[20:02:23] [Render thread/INFO] - fabric-recipe-api-v1: 8.2.0+39709ef06f
[20:02:23] [Render thread/INFO] - fabric-registry-sync-v0: 6.1.42+679c8c5c6f
[20:02:23] [Render thread/INFO] - fabric-renderer-api-v1: 7.2.2+3706cdf36f
[20:02:23] [Render thread/INFO] - fabric-renderer-indigo: 4.1.3+d7df91576f
[20:02:23] [Render thread/INFO] - fabric-rendering-fluids-v1: 3.1.38+86b3ae577d
[20:02:23] [Render thread/INFO] - fabric-rendering-v1: 16.2.0+bee81f016f
[20:02:23] [Render thread/INFO] - fabric-resource-conditions-api-v1: 5.0.28+33df5e6e7d
[20:02:23] [Render thread/INFO] - fabric-resource-loader-v0: 3.3.1+d4d4122a6f
[20:02:23] [Render thread/INFO] - fabric-resource-loader-v1: 1.0.4+14959b836f
[20:02:23] [Render thread/INFO] - fabric-screen-api-v1: 3.1.0+9c82a7987d
[20:02:23] [Render thread/INFO] - fabric-screen-handler-api-v1: 1.3.151+d17682156f
[20:02:23] [Render thread/INFO] - fabric-serialization-api-v1: 1.0.0+d857c9767d
[20:02:23] [Render thread/INFO] - fabric-sound-api-v1: 1.0.45+328a75ba7d
[20:02:23] [Render thread/INFO] - fabric-tag-api-v1: 1.2.13+2fa446b26f
[20:02:23] [Render thread/INFO] - fabric-transfer-api-v1: 6.0.15+79ec2c127d
[20:02:23] [Render thread/INFO] - fabric-transitive-access-wideners-v1: 6.5.3+41eb43437d
[20:02:23] [Render thread/INFO] - fabricloader: 0.18.1
[20:02:23] [Render thread/INFO] - generated_b298b2e: 1.0.0
[20:02:23] [Render thread/INFO] - java: 21
[20:02:23] [Render thread/INFO] - klay_api: 0.0.5
[20:02:23] [Render thread/INFO] - minecraft: 1.21.10
[20:02:23] [Render thread/INFO] - mixinextras: 0.5.0
[20:02:23] [Render thread/INFO] - roughlyenoughitems: 21.9.812
[20:02:23] [Render thread/INFO] - veggycraft: 1.0.0
[20:02:23] [Render thread/INFO] ========================================
[20:02:23] [Render thread/DEBUG] [REI] Added filtering rule [roughlyenoughitems:search]: INSTANCE
[20:02:23] [Render thread/DEBUG] [REI] Added filtering rule [roughlyenoughitems:manual]: INSTANCE
[20:02:23] [Render thread/DEBUG] [REI] Added filtering rule [roughlyenoughitems:basic]: INSTANCE
[20:02:23] [Render thread/INFO] [REI] Config loaded
[20:02:23] [Render thread/DEBUG] [REI] Config saved
[20:02:23] [Render thread/DEBUG] [REI] Config saved
[20:02:23] [Render thread/DEBUG] [REI] Config saved
[20:02:23] [Render thread/INFO] [REI] Registered plugin provider DefaultPlugin [roughlyenoughitems] for REICommonPlugin
[20:02:23] [Render thread/INFO] [REI] Registered plugin provider DefaultRuntimePlugin [roughlyenoughitems] for REICommonPlugin
[20:02:23] [Render thread/DEBUG] [REI] Added filtering rule [roughlyenoughitems:hidden_from_recipe_viewers]: INSTANCE
[20:02:23] [Render thread/INFO] [REI] Registered plugin provider FabricFluidAPISupportPlugin for REICommonPlugin
